<?xml version="1.0" encoding="UTF-8"?>
<testsuite xmlns:xsi="http://www.w3.org/2001/XMLSchema-instance" xsi:noNamespaceSchemaLocation="https://maven.apache.org/surefire/maven-surefire-plugin/xsd/surefire-test-report-3.0.xsd" version="3.0" name="com.traffic.service.AuthServiceTest" time="8.945" tests="17" errors="0" skipped="0" failures="0">
  <properties>
[...]
</properties>
  <testcase name="testValidateToken_InvalidToken" classname="com.traffic.service.AuthServiceTest" time="2.189">
    <system-out><![CDATA[13:18:20.830 [main] ERROR com.traffic.service.AuthService -- Token validation failed: Unable to read JSON value: ?{?'
]]></system-out>
  </testcase>
  <testcase name="testAuthenticate_NonExistentUser" classname="com.traffic.service.AuthServiceTest" time="0.279">
    <system-out><![CDATA[13:18:21.142 [main] ERROR com.traffic.service.AuthService -- Authentication failed: Invalid username or password
]]></system-out>
  </testcase>
  <testcase name="testTokenExpiration" classname="com.traffic.service.AuthServiceTest" time="2.029">
    <system-out><![CDATA[13:18:21.641 [main] INFO com.traffic.service.AuthService -- Authentication successful for user: admin
]]></system-out>
  </testcase>
  <testcase name="testLogout_ValidToken" classname="com.traffic.service.AuthServiceTest" time="0.327">
    <system-out><![CDATA[13:18:23.499 [main] INFO com.traffic.service.AuthService -- Authentication successful for user: admin
13:18:23.501 [main] INFO com.traffic.service.AuthService -- User logged out: admin
]]></system-out>
  </testcase>
  <testcase name="testIsTokenValid_BlacklistedToken" classname="com.traffic.service.AuthServiceTest" time="0.319">
    <system-out><![CDATA[13:18:23.820 [main] INFO com.traffic.service.AuthService -- Authentication successful for user: admin
13:18:23.821 [main] INFO com.traffic.service.AuthService -- User logged out: admin
]]></system-out>
  </testcase>
  <testcase name="testAuthenticate_ValidCredentials" classname="com.traffic.service.AuthServiceTest" time="0.32">
    <system-out><![CDATA[13:18:24.142 [main] INFO com.traffic.service.AuthService -- Authentication successful for user: admin
]]></system-out>
  </testcase>
  <testcase name="testGetUsernameFromToken_ValidToken" classname="com.traffic.service.AuthServiceTest" time="0.307">
    <system-out><![CDATA[13:18:24.448 [main] INFO com.traffic.service.AuthService -- Authentication successful for user: traffic_manager
]]></system-out>
  </testcase>
  <testcase name="testGetUsernameFromToken_InvalidToken" classname="com.traffic.service.AuthServiceTest" time="0.249"/>
  <testcase name="testAuthenticate_AllValidUsers" classname="com.traffic.service.AuthServiceTest" time="0.471">
    <system-out><![CDATA[13:18:25.017 [main] INFO com.traffic.service.AuthService -- Authentication successful for user: admin
13:18:25.095 [main] INFO com.traffic.service.AuthService -- Authentication successful for user: user
13:18:25.171 [main] INFO com.traffic.service.AuthService -- Authentication successful for user: traffic_manager
]]></system-out>
  </testcase>
  <testcase name="testLogout_InvalidToken" classname="com.traffic.service.AuthServiceTest" time="0.243">
    <system-out><![CDATA[13:18:25.415 [main] ERROR com.traffic.service.AuthService -- Logout failed: Unable to read JSON value: ?{?'
]]></system-out>
  </testcase>
  <testcase name="testValidateToken_ValidToken" classname="com.traffic.service.AuthServiceTest" time="0.326">
    <system-out><![CDATA[13:18:25.739 [main] INFO com.traffic.service.AuthService -- Authentication successful for user: admin
]]></system-out>
  </testcase>
  <testcase name="testRefreshToken_ValidToken" classname="com.traffic.service.AuthServiceTest" time="0.369">
    <system-out><![CDATA[13:18:26.109 [main] INFO com.traffic.service.AuthService -- Authentication successful for user: user
13:18:26.111 [main] INFO com.traffic.service.AuthService -- Token refreshed for user: user
]]></system-out>
  </testcase>
  <testcase name="testRefreshToken_InvalidToken" classname="com.traffic.service.AuthServiceTest" time="0.238">
    <system-out><![CDATA[13:18:26.353 [main] ERROR com.traffic.service.AuthService -- Token refresh failed: Unable to read JSON value: ?{?'
]]></system-out>
  </testcase>
  <testcase name="testAuthenticate_InvalidCredentials" classname="com.traffic.service.AuthServiceTest" time="0.323">
    <system-out><![CDATA[13:18:26.677 [main] ERROR com.traffic.service.AuthService -- Authentication failed: Invalid username or password
]]></system-out>
  </testcase>
  <testcase name="testIsTokenValid_ValidToken" classname="com.traffic.service.AuthServiceTest" time="0.337">
    <system-out><![CDATA[13:18:27.013 [main] INFO com.traffic.service.AuthService -- Authentication successful for user: admin
]]></system-out>
  </testcase>
  <testcase name="testIsTokenValid_InvalidToken" classname="com.traffic.service.AuthServiceTest" time="0.239"/>
  <testcase name="testRefreshToken_BlacklistedOriginalToken" classname="com.traffic.service.AuthServiceTest" time="0.308">
    <system-out><![CDATA[13:18:27.559 [main] INFO com.traffic.service.AuthService -- Authentication successful for user: admin
13:18:27.561 [main] INFO com.traffic.service.AuthService -- Token refreshed for user: admin
]]></system-out>
  </testcase>
</testsuite>