<?xml version="1.0" encoding="UTF-8"?>
<testsuite xmlns:xsi="http://www.w3.org/2001/XMLSchema-instance" xsi:noNamespaceSchemaLocation="https://maven.apache.org/surefire/maven-surefire-plugin/xsd/surefire-test-report-3.0.xsd" version="3.0" name="com.traffic.TrafficManagementApplicationTests" time="2.225" tests="1" errors="0" skipped="0" failures="0">
  <properties>
[...]
</properties>
  <testcase name="contextLoads" classname="com.traffic.TrafficManagementApplicationTests" time="0.033">
    <system-out><![CDATA[2025-06-04 13:10:54 - Could not detect default configuration classes for test class [com.traffic.TrafficManagementApplicationTests]: TrafficManagementApplicationTests does not declare any static, non-private, non-final, nested classes annotated with @Configuration.
2025-06-04 13:10:55 - Found @SpringBootConfiguration com.traffic.TrafficManagementApplication for test class com.traffic.TrafficManagementApplicationTests

  .   ____          _            __ _ _
 /\\ / ___'_ __ _ _(_)_ __  __ _ \ \ \ \
( ( )\___ | '_ | '_| | '_ \/ _` | \ \ \ \
 \\/  ___)| |_)| | | | | || (_| |  ) ) ) )
  '  |____| .__|_| |_|_| |_\__, | / / / /
 =========|_|==============|___/=/_/_/_/
 :: Spring Boot ::                (v3.2.0)

2025-06-04 13:10:55 - Starting TrafficManagementApplicationTests using Java 17.0.14-beta with PID 15292 (started by anude in C:\Users\anude\Pictures\cloudProject)
2025-06-04 13:10:55 - The following 1 profile is active: "test"
2025-06-04 13:10:55 - Bootstrapping Spring Data JPA repositories in DEFAULT mode.
2025-06-04 13:10:55 - Finished Spring Data repository scanning in 29 ms. Found 1 JPA repository interface.
2025-06-04 13:10:56 - HHH000204: Processing PersistenceUnitInfo [name: default]
2025-06-04 13:10:56 - HHH000026: Second-level cache disabled
2025-06-04 13:10:56 - No LoadTimeWeaver setup: ignoring JPA class transformer
2025-06-04 13:10:56 - HikariPool-2 - Starting...
2025-06-04 13:10:56 - HikariPool-2 - Added connection conn10: url=jdbc:h2:mem:testdb user=SA
2025-06-04 13:10:56 - HikariPool-2 - Start completed.
2025-06-04 13:10:56 - HHH90000025: H2Dialect does not need to be specified explicitly using 'hibernate.dialect' (remove the property setting and it will be selected by default)
2025-06-04 13:10:56 - HHH000489: No JTA platform available (set 'hibernate.transaction.jta.platform' to enable JTA platform integration)
2025-06-04 13:10:56 - 
    drop table if exists traffic_data cascade 
2025-06-04 13:10:56 - 
    create table traffic_data (
        average_speed float(53),
        latitude float(53) not null,
        longitude float(53) not null,
        vehicle_count integer,
        created_at timestamp(6),
        id bigint generated by default as identity,
        timestamp timestamp(6) not null,
        updated_at timestamp(6),
        location varchar(255) not null,
        traffic_density varchar(255) not null check (traffic_density in ('LOW','MODERATE','HIGH','CRITICAL')),
        weather_condition varchar(255),
        primary key (id)
    )
2025-06-04 13:10:56 - Initialized JPA EntityManagerFactory for persistence unit 'default'
2025-06-04 13:10:56 - spring.jpa.open-in-view is enabled by default. Therefore, database queries may be performed during view rendering. Explicitly configure spring.jpa.open-in-view to disable this warning
2025-06-04 13:10:56 - 

Using generated security password: 005fe1f9-94b4-4980-bc8f-1d019dcd70ec

This generated password is for development use only. Your security configuration must be updated before running your application in production.

2025-06-04 13:10:57 - H2 console available at '/h2-console'. Database available at 'jdbc:h2:mem:testdb'
2025-06-04 13:10:57 - Started TrafficManagementApplicationTests in 2.143 seconds (process running for 28.278)
]]></system-out>
  </testcase>
</testsuite>